This file contains any messages produced by compilers while
running configure, to aid debugging if configure makes a mistake.

It was created by lsyncd configure 2.1.5, which was
generated by GNU Autoconf 2.69.  Invocation command line was

  $ ./configure --target=arm-linux --host=arm-linux --build= --prefix=/home/ivan/Dev/platforms/R7000-V1.0.2.125_1.0.18_src_old/ap/gpl/lsync/tmp --exec-prefix=

## --------- ##
## Platform. ##
## --------- ##

hostname = fedora-10
uname -m = i686
uname -r = 2.6.27.41-170.2.117.fc10.i686
uname -s = Linux
uname -v = #1 SMP Thu Dec 10 11:00:29 EST 2009

/usr/bin/uname -p = unknown
/bin/uname -X     = unknown

/bin/arch              = i686
/usr/bin/arch -k       = unknown
/usr/convex/getsysinfo = unknown
/usr/bin/hostinfo      = unknown
/bin/machine           = unknown
/usr/bin/oslevel       = unknown
/bin/universe          = unknown

PATH: /projects/hnd/tools/linux/hndtools-arm-linux-2.6.36-uclibc-4.5.3/bin
PATH: /projects/hnd/tools/linux/hndtools-arm-linux-2.6.36-uclibc-4.5.3/bin
PATH: /usr/lib/qt-3.3/bin
PATH: /usr/kerberos/bin
PATH: /usr/lib/ccache
PATH: /usr/local/bin
PATH: /bin
PATH: /usr/bin
PATH: /usr/local/sbin
PATH: /usr/sbin
PATH: /sbin
PATH: /home/ivan/bin


## ----------- ##
## Core tests. ##
## ----------- ##

configure:2162: checking for a BSD-compatible install
configure:2230: result: /usr/bin/install -c
configure:2241: checking whether build environment is sane
configure:2291: result: yes
configure:2340: checking for arm-linux-strip
configure:2370: result: no
configure:2380: checking for strip
configure:2396: found /usr/bin/strip
configure:2407: result: strip
configure:2432: checking for a thread-safe mkdir -p
configure:2471: result: /bin/mkdir -p
configure:2484: checking for gawk
configure:2500: found /bin/gawk
configure:2511: result: gawk
configure:2522: checking whether make sets $(MAKE)
configure:2544: result: yes
configure:2640: checking for arm-linux-gcc
configure:2670: result: no
configure:2680: checking for gcc
configure:2696: found /usr/lib/ccache/gcc
configure:2707: result: gcc
configure:2936: checking for C compiler version
configure:2945: gcc --version >&5
gcc (GCC) 4.3.2 20081105 (Red Hat 4.3.2-7)
Copyright (C) 2008 Free Software Foundation, Inc.
This is free software; see the source for copying conditions.  There is NO
warranty; not even for MERCHANTABILITY or FITNESS FOR A PARTICULAR PURPOSE.

configure:2956: $? = 0
configure:2945: gcc -v >&5
Using built-in specs.
Target: i386-redhat-linux
Configured with: ../configure --prefix=/usr --mandir=/usr/share/man --infodir=/usr/share/info --with-bugurl=http://bugzilla.redhat.com/bugzilla --enable-bootstrap --enable-shared --enable-threads=posix --enable-checking=release --with-system-zlib --enable-__cxa_atexit --disable-libunwind-exceptions --enable-languages=c,c++,objc,obj-c++,java,fortran,ada --enable-java-awt=gtk --disable-dssi --enable-plugin --with-java-home=/usr/lib/jvm/java-1.5.0-gcj-1.5.0.0/jre --enable-libgcj-multifile --enable-java-maintainer-mode --with-ecj-jar=/usr/share/java/eclipse-ecj.jar --disable-libjava-multilib --with-cpu=generic --build=i386-redhat-linux
Thread model: posix
gcc version 4.3.2 20081105 (Red Hat 4.3.2-7) (GCC) 
configure:2956: $? = 0
configure:2945: gcc -V >&5
gcc: '-V' option must have argument
configure:2956: $? = 1
configure:2945: gcc -qversion >&5
gcc: unrecognized option '-qversion'
gcc: no input files
configure:2956: $? = 1
configure:2976: checking whether the C compiler works
configure:2998: gcc  -I '/home/ivan/Dev/platforms/R7000-V1.0.2.125_1.0.18_src_old/ap/gpl/lsync/../lua/source/src'   conftest.c  >&5
configure:3002: $? = 0
configure:3050: result: yes
configure:3053: checking for C compiler default output file name
configure:3055: result: a.out
configure:3061: checking for suffix of executables
configure:3068: gcc -o conftest  -I '/home/ivan/Dev/platforms/R7000-V1.0.2.125_1.0.18_src_old/ap/gpl/lsync/../lua/source/src'   conftest.c  >&5
configure:3072: $? = 0
configure:3094: result: 
configure:3116: checking whether we are cross compiling
configure:3124: gcc -o conftest  -I '/home/ivan/Dev/platforms/R7000-V1.0.2.125_1.0.18_src_old/ap/gpl/lsync/../lua/source/src'   conftest.c  >&5
configure:3128: $? = 0
configure:3135: ./conftest
configure:3139: $? = 0
configure:3154: result: no
configure:3159: checking for suffix of object files
configure:3181: gcc -c  -I '/home/ivan/Dev/platforms/R7000-V1.0.2.125_1.0.18_src_old/ap/gpl/lsync/../lua/source/src'  conftest.c >&5
configure:3185: $? = 0
configure:3206: result: o
configure:3210: checking whether we are using the GNU C compiler
configure:3229: gcc -c  -I '/home/ivan/Dev/platforms/R7000-V1.0.2.125_1.0.18_src_old/ap/gpl/lsync/../lua/source/src'  conftest.c >&5

## ---------------- ##
## Cache variables. ##
## ---------------- ##

ac_cv_env_CC_set=
ac_cv_env_CC_value=
ac_cv_env_CFLAGS_set=set
ac_cv_env_CFLAGS_value=' -I '\''/home/ivan/Dev/platforms/R7000-V1.0.2.125_1.0.18_src_old/ap/gpl/lsync/../lua/source/src'\'''
ac_cv_env_CPPFLAGS_set=
ac_cv_env_CPPFLAGS_value=
ac_cv_env_CPP_set=
ac_cv_env_CPP_value=
ac_cv_env_LDFLAGS_set=
ac_cv_env_LDFLAGS_value=
ac_cv_env_LIBS_set=
ac_cv_env_LIBS_value=
ac_cv_env_LUA51_CFLAGS_set=
ac_cv_env_LUA51_CFLAGS_value=
ac_cv_env_LUA51_LIBS_set=
ac_cv_env_LUA51_LIBS_value=
ac_cv_env_LUA52_CFLAGS_set=
ac_cv_env_LUA52_CFLAGS_value=
ac_cv_env_LUA52_LIBS_set=
ac_cv_env_LUA52_LIBS_value=
ac_cv_env_LUA_CFLAGS_set=
ac_cv_env_LUA_CFLAGS_value=
ac_cv_env_LUA_LIBS_set=set
ac_cv_env_LUA_LIBS_value='-L../../lua/source/src -llua -lm -ldl'
ac_cv_env_PKG_CONFIG_LIBDIR_set=
ac_cv_env_PKG_CONFIG_LIBDIR_value=
ac_cv_env_PKG_CONFIG_PATH_set=
ac_cv_env_PKG_CONFIG_PATH_value=
ac_cv_env_PKG_CONFIG_set=
ac_cv_env_PKG_CONFIG_value=
ac_cv_env_build_alias_set=set
ac_cv_env_build_alias_value=
ac_cv_env_host_alias_set=set
ac_cv_env_host_alias_value=arm-linux
ac_cv_env_target_alias_set=set
ac_cv_env_target_alias_value=arm-linux
ac_cv_objext=o
ac_cv_path_install='/usr/bin/install -c'
ac_cv_path_mkdir=/bin/mkdir
ac_cv_prog_AWK=gawk
ac_cv_prog_ac_ct_CC=gcc
ac_cv_prog_ac_ct_STRIP=strip
ac_cv_prog_make_make_set=yes

## ----------------- ##
## Output variables. ##
## ----------------- ##

ACLOCAL='${SHELL} /home/ivan/Dev/platforms/R7000-V1.0.2.125_1.0.18_src_old/ap/gpl/lsync/source/missing --run aclocal-1.11'
AMDEPBACKSLASH=''
AMDEP_FALSE=''
AMDEP_TRUE=''
AMTAR='$${TAR-tar}'
AUTOCONF='${SHELL} /home/ivan/Dev/platforms/R7000-V1.0.2.125_1.0.18_src_old/ap/gpl/lsync/source/missing --run autoconf'
AUTOHEADER='${SHELL} /home/ivan/Dev/platforms/R7000-V1.0.2.125_1.0.18_src_old/ap/gpl/lsync/source/missing --run autoheader'
AUTOMAKE='${SHELL} /home/ivan/Dev/platforms/R7000-V1.0.2.125_1.0.18_src_old/ap/gpl/lsync/source/missing --run automake-1.11'
AWK='gawk'
CC='gcc'
CCDEPMODE=''
CFLAGS=' -I '\''/home/ivan/Dev/platforms/R7000-V1.0.2.125_1.0.18_src_old/ap/gpl/lsync/../lua/source/src'\'''
CPP=''
CPPFLAGS=''
CYGPATH_W='echo'
DEFS=''
DEPDIR=''
ECHO_C=''
ECHO_N='-n'
ECHO_T=''
EGREP=''
EXEEXT=''
FSEVENTS_FALSE=''
FSEVENTS_TRUE=''
GREP=''
INOTIFY_FALSE=''
INOTIFY_TRUE=''
INSTALL_DATA='${INSTALL} -m 644'
INSTALL_PROGRAM='${INSTALL}'
INSTALL_SCRIPT='${INSTALL}'
INSTALL_STRIP_PROGRAM='$(install_sh) -c -s'
LDFLAGS=''
LIBOBJS=''
LIBS=''
LTLIBOBJS=''
LUA51=''
LUA51_CFLAGS=''
LUA51_LIBS=''
LUA52=''
LUA52_CFLAGS=''
LUA52_LIBS=''
LUA=''
LUAC51=''
LUAC52=''
LUAC=''
LUA_CFLAGS=''
LUA_LIBS='-L../../lua/source/src -llua -lm -ldl'
MAKEINFO='${SHELL} /home/ivan/Dev/platforms/R7000-V1.0.2.125_1.0.18_src_old/ap/gpl/lsync/source/missing --run makeinfo'
MKDIR_P='/bin/mkdir -p'
OBJEXT='o'
PACKAGE='lsyncd'
PACKAGE_BUGREPORT='axkibe@gmail.com'
PACKAGE_NAME='lsyncd'
PACKAGE_STRING='lsyncd 2.1.5'
PACKAGE_TARNAME='lsyncd'
PACKAGE_URL=''
PACKAGE_VERSION='2.1.5'
PATH_SEPARATOR=':'
PKG_CONFIG=''
PKG_CONFIG_LIBDIR=''
PKG_CONFIG_PATH=''
SET_MAKE=''
SHELL='/bin/sh'
STRIP='strip'
VERSION='2.1.5'
ac_ct_CC='gcc'
am__EXEEXT_FALSE=''
am__EXEEXT_TRUE=''
am__fastdepCC_FALSE=''
am__fastdepCC_TRUE=''
am__include=''
am__isrc=''
am__leading_dot='.'
am__nodep=''
am__quote=''
am__tar='$${TAR-tar} chof - "$$tardir"'
am__untar='$${TAR-tar} xf -'
bindir='${exec_prefix}/bin'
build_alias=''
datadir='${datarootdir}'
datarootdir='${prefix}/share'
docdir='${datarootdir}/doc/${PACKAGE_TARNAME}'
dvidir='${docdir}'
exec_prefix=''
host_alias='arm-linux'
htmldir='${docdir}'
includedir='${prefix}/include'
infodir='${datarootdir}/info'
install_sh='${SHELL} /home/ivan/Dev/platforms/R7000-V1.0.2.125_1.0.18_src_old/ap/gpl/lsync/source/install-sh'
libdir='${exec_prefix}/lib'
libexecdir='${exec_prefix}/libexec'
localedir='${datarootdir}/locale'
localstatedir='${prefix}/var'
mandir='${datarootdir}/man'
mkdir_p='/bin/mkdir -p'
oldincludedir='/usr/include'
pdfdir='${docdir}'
prefix='/home/ivan/Dev/platforms/R7000-V1.0.2.125_1.0.18_src_old/ap/gpl/lsync/tmp'
program_transform_name='s,x,x,'
psdir='${docdir}'
sbindir='${exec_prefix}/sbin'
sharedstatedir='${prefix}/com'
sysconfdir='${prefix}/etc'
target_alias='arm-linux'

## ----------- ##
## confdefs.h. ##
## ----------- ##

/* confdefs.h */
#define PACKAGE_NAME "lsyncd"
#define PACKAGE_TARNAME "lsyncd"
#define PACKAGE_VERSION "2.1.5"
#define PACKAGE_STRING "lsyncd 2.1.5"
#define PACKAGE_BUGREPORT "axkibe@gmail.com"
#define PACKAGE_URL ""
#define PACKAGE "lsyncd"
#define VERSION "2.1.5"

configure: caught signal 2
configure: exit 1
