This file contains any messages produced by compilers while
running configure, to aid debugging if configure makes a mistake.

It was created by gsoap configure 2.7, which was
generated by GNU Autoconf 2.65.  Invocation command line was

  $ ./configure --target=arm-linux --host=arm-linux --build=i686 --prefix=/usr --with-gnu-ld

## --------- ##
## Platform. ##
## --------- ##

hostname = Ivans-Mac-mini.local
uname -m = x86_64
uname -r = 13.0.0
uname -s = Darwin
uname -v = Darwin Kernel Version 13.0.0: Thu Sep 19 22:22:27 PDT 2013; root:xnu-2422.1.72~6/RELEASE_X86_64

/usr/bin/uname -p = i386
/bin/uname -X     = unknown

/bin/arch              = unknown
/usr/bin/arch -k       = unknown
/usr/convex/getsysinfo = unknown
/usr/bin/hostinfo      = Mach kernel version:
	 Darwin Kernel Version 13.0.0: Thu Sep 19 22:22:27 PDT 2013; root:xnu-2422.1.72~6/RELEASE_X86_64
Kernel configured for up to 4 processors.
2 processors are physically available.
4 processors are logically available.
Processor type: i486 (Intel 80486)
Processors active: 0 1 2 3
Primary memory available: 4.00 gigabytes
Default processor set: 178 tasks, 885 threads, 4 processors
Load average: 1.75, Mach factor: 2.24
/bin/machine           = unknown
/usr/bin/oslevel       = unknown
/bin/universe          = unknown

PATH: /opt/local/bin
PATH: /opt/local/sbin
PATH: /usr/bin
PATH: /bin
PATH: /usr/sbin
PATH: /sbin
PATH: /usr/local/bin
PATH: /opt/X11/bin


## ----------- ##
## Core tests. ##
## ----------- ##

configure:2298: checking for a BSD-compatible install
configure:2366: result: /usr/bin/install -c
configure:2377: checking whether build environment is sane
configure:2427: result: yes
configure:2476: checking for arm-linux-strip
configure:2506: result: no
configure:2516: checking for strip
configure:2532: found /usr/bin/strip
configure:2543: result: strip
configure:2555: WARNING: using cross tools not prefixed with host triplet
configure:2568: checking for a thread-safe mkdir -p
configure:2607: result: ./install-sh -c -d
configure:2620: checking for gawk
configure:2650: result: no
configure:2620: checking for mawk
configure:2650: result: no
configure:2620: checking for nawk
configure:2650: result: no
configure:2620: checking for awk
configure:2636: found /usr/bin/awk
configure:2647: result: awk
configure:2658: checking whether make sets $(MAKE)
configure:2680: result: yes
configure:2765: checking build system type
configure:2779: result: i686-pc-none
configure:2799: checking host system type
configure:2812: result: arm-unknown-linux-gnu
configure:2836: checking whether make sets $(MAKE)
configure:2858: result: yes
configure:2980: checking for C++ compiler version
configure:2989: arm-uclibc-linux-2.6.36-g++ --version >&5
./configure: line 2991: arm-uclibc-linux-2.6.36-g++: command not found
configure:3000: $? = 127
configure:2989: arm-uclibc-linux-2.6.36-g++ -v >&5
./configure: line 2991: arm-uclibc-linux-2.6.36-g++: command not found
configure:3000: $? = 127
configure:2989: arm-uclibc-linux-2.6.36-g++ -V >&5
./configure: line 2991: arm-uclibc-linux-2.6.36-g++: command not found
configure:3000: $? = 127
configure:2989: arm-uclibc-linux-2.6.36-g++ -qversion >&5
./configure: line 2991: arm-uclibc-linux-2.6.36-g++: command not found
configure:3000: $? = 127
configure:3020: checking whether the C++ compiler works
configure:3042: arm-uclibc-linux-2.6.36-g++    conftest.cpp  >&5
./configure: line 3044: arm-uclibc-linux-2.6.36-g++: command not found
configure:3046: $? = 127
configure:3084: result: no
configure: failed program was:
| /* confdefs.h */
| #define PACKAGE_NAME "gsoap"
| #define PACKAGE_TARNAME "gsoap"
| #define PACKAGE_VERSION "2.7"
| #define PACKAGE_STRING "gsoap 2.7"
| #define PACKAGE_BUGREPORT ""
| #define PACKAGE_URL ""
| #define PACKAGE "gsoap"
| #define VERSION "2.7"
| /* end confdefs.h.  */
| 
| int
| main ()
| {
| 
|   ;
|   return 0;
| }
configure:3089: error: in `/Volumes/Dev/platforms/R7000-V1.0.2.125_1.0.18_src/ap/gpl/gsoap/source':
configure:3093: error: C++ compiler cannot create executables
See `config.log' for more details.

## ---------------- ##
## Cache variables. ##
## ---------------- ##

ac_cv_build=i686-pc-none
ac_cv_env_CCC_set=
ac_cv_env_CCC_value=
ac_cv_env_CC_set=set
ac_cv_env_CC_value=arm-uclibc-linux-2.6.36-gcc
ac_cv_env_CFLAGS_set=
ac_cv_env_CFLAGS_value=
ac_cv_env_CPPFLAGS_set=
ac_cv_env_CPPFLAGS_value=
ac_cv_env_CPP_set=
ac_cv_env_CPP_value=
ac_cv_env_CXXFLAGS_set=
ac_cv_env_CXXFLAGS_value=
ac_cv_env_CXX_set=set
ac_cv_env_CXX_value=arm-uclibc-linux-2.6.36-g++
ac_cv_env_LDFLAGS_set=
ac_cv_env_LDFLAGS_value=
ac_cv_env_LIBS_set=
ac_cv_env_LIBS_value=
ac_cv_env_YACC_set=
ac_cv_env_YACC_value=
ac_cv_env_YFLAGS_set=
ac_cv_env_YFLAGS_value=
ac_cv_env_build_alias_set=set
ac_cv_env_build_alias_value=i686
ac_cv_env_host_alias_set=set
ac_cv_env_host_alias_value=arm-linux
ac_cv_env_target_alias_set=set
ac_cv_env_target_alias_value=arm-linux
ac_cv_func_malloc_0_nonnull=yes
ac_cv_host=arm-unknown-linux-gnu
ac_cv_path_install='/usr/bin/install -c'
ac_cv_prog_AWK=awk
ac_cv_prog_ac_ct_STRIP=strip
ac_cv_prog_make_make_set=yes

## ----------------- ##
## Output variables. ##
## ----------------- ##

ACLOCAL='${SHELL} /Volumes/Dev/platforms/R7000-V1.0.2.125_1.0.18_src/ap/gpl/gsoap/source/missing --run aclocal-1.11'
AMDEPBACKSLASH=''
AMDEP_FALSE=''
AMDEP_TRUE=''
AMTAR='${SHELL} /Volumes/Dev/platforms/R7000-V1.0.2.125_1.0.18_src/ap/gpl/gsoap/source/missing --run tar'
AUTOCONF='${SHELL} /Volumes/Dev/platforms/R7000-V1.0.2.125_1.0.18_src/ap/gpl/gsoap/source/missing --run autoconf'
AUTOHEADER='${SHELL} /Volumes/Dev/platforms/R7000-V1.0.2.125_1.0.18_src/ap/gpl/gsoap/source/missing --run autoheader'
AUTOMAKE='${SHELL} /Volumes/Dev/platforms/R7000-V1.0.2.125_1.0.18_src/ap/gpl/gsoap/source/missing --run automake-1.11'
AWK='awk'
BISON_DEFINE=''
CC='arm-uclibc-linux-2.6.36-gcc'
CCDEPMODE=''
CFLAGS=''
CPP=''
CPPFLAGS=''
CXX='arm-uclibc-linux-2.6.36-g++'
CXXDEPMODE=''
CXXFLAGS=''
CYGPATH_W='echo'
DEBUG_COMPILE_FALSE=''
DEBUG_COMPILE_TRUE=''
DEFS=''
DEPDIR=''
ECHO_C='\c'
ECHO_N=''
ECHO_T=''
EGREP=''
ENABLE_SAMPLES=''
ENABLE_SAMPLES_FALSE=''
ENABLE_SAMPLES_TRUE=''
EXEEXT=''
GREP=''
INSTALL_DATA='${INSTALL} -m 644'
INSTALL_PROGRAM='${INSTALL}'
INSTALL_SCRIPT='${INSTALL}'
INSTALL_STRIP_PROGRAM='$(install_sh) -c -s'
LDFLAGS=''
LEX=''
LEXLIB=''
LEX_DEFINE=''
LEX_FLAGS=''
LEX_OUTPUT_ROOT=''
LIBOBJS=''
LIBS=''
LN_S=''
LTLIBOBJS=''
MAKEINFO='${SHELL} /Volumes/Dev/platforms/R7000-V1.0.2.125_1.0.18_src/ap/gpl/gsoap/source/missing --run makeinfo'
MKDIR_P='./install-sh -c -d'
OBJEXT=''
PACKAGE='gsoap'
PACKAGE_BUGREPORT=''
PACKAGE_NAME='gsoap'
PACKAGE_STRING='gsoap 2.7'
PACKAGE_TARNAME='gsoap'
PACKAGE_URL=''
PACKAGE_VERSION='2.7'
PATH_SEPARATOR=':'
POW_LIB=''
RANLIB=''
SAMPLE_DIRS=''
SAMPLE_EXTRA_LIBS=''
SET_MAKE=''
SHELL='/bin/sh'
SOAPCPP2_DEBUG=''
SOAPCPP2_IMPORTPATH=''
SOAPCPP2_NONAMESPACES=''
STRIP='strip'
VERSION='2.7'
WSDL2H_EXTRA_FLAGS=''
WSDL2H_EXTRA_LIBS=''
WSDL2H_IMPORTPATH=''
YACC=''
YACC_LIB=''
YFLAGS=''
ac_ct_CC=''
ac_ct_CXX=''
am__EXEEXT_FALSE=''
am__EXEEXT_TRUE=''
am__fastdepCC_FALSE=''
am__fastdepCC_TRUE=''
am__fastdepCXX_FALSE=''
am__fastdepCXX_TRUE=''
am__include=''
am__isrc=''
am__leading_dot='.'
am__quote=''
am__tar='${AMTAR} chof - "$$tardir"'
am__untar='${AMTAR} xf -'
bindir='${exec_prefix}/bin'
build='i686-pc-none'
build_alias='i686'
build_cpu='i686'
build_os='none'
build_vendor='pc'
datadir='${datarootdir}'
datarootdir='${prefix}/share'
docdir='${datarootdir}/doc/${PACKAGE_TARNAME}'
dvidir='${docdir}'
exec_prefix='NONE'
host='arm-unknown-linux-gnu'
host_alias='arm-linux'
host_cpu='arm'
host_os='linux-gnu'
host_vendor='unknown'
htmldir='${docdir}'
includedir='${prefix}/include'
infodir='${datarootdir}/info'
install_sh='${SHELL} /Volumes/Dev/platforms/R7000-V1.0.2.125_1.0.18_src/ap/gpl/gsoap/source/install-sh'
libdir='${exec_prefix}/lib'
libexecdir='${exec_prefix}/libexec'
localedir='${datarootdir}/locale'
localstatedir='${prefix}/var'
mandir='${datarootdir}/man'
mkdir_p='$(top_builddir)/./install-sh -c -d'
oldincludedir='/usr/include'
pdfdir='${docdir}'
platform=''
prefix='/usr'
program_transform_name='s,x,x,'
psdir='${docdir}'
sbindir='${exec_prefix}/sbin'
sharedstatedir='${prefix}/com'
sysconfdir='${prefix}/etc'
target_alias='arm-linux'

## ----------- ##
## confdefs.h. ##
## ----------- ##

/* confdefs.h */
#define PACKAGE_NAME "gsoap"
#define PACKAGE_TARNAME "gsoap"
#define PACKAGE_VERSION "2.7"
#define PACKAGE_STRING "gsoap 2.7"
#define PACKAGE_BUGREPORT ""
#define PACKAGE_URL ""
#define PACKAGE "gsoap"
#define VERSION "2.7"

configure: exit 77
