This file contains any messages produced by compilers while
running configure, to aid debugging if configure makes a mistake.

It was created by mtd-utils configure 2.0.1, which was
generated by GNU Autoconf 2.69.  Invocation command line was

  $ ./configure --without-xattr --disable-tests

## --------- ##
## Platform. ##
## --------- ##

hostname = cpe2rd-virtual-machine
uname -m = x86_64
uname -r = 5.4.0-42-generic
uname -s = Linux
uname -v = #46~18.04.1-Ubuntu SMP Fri Jul 10 07:21:24 UTC 2020

/usr/bin/uname -p = unknown
/bin/uname -X     = unknown

/bin/arch              = unknown
/usr/bin/arch -k       = unknown
/usr/convex/getsysinfo = unknown
/usr/bin/hostinfo      = unknown
/bin/machine           = unknown
/usr/bin/oslevel       = unknown
/bin/universe          = unknown

PATH: /usr/local/sbin
PATH: /usr/local/bin
PATH: /usr/sbin
PATH: /usr/bin
PATH: /sbin
PATH: /bin
PATH: /usr/games
PATH: /usr/local/games
PATH: /snap/bin


## ----------- ##
## Core tests. ##
## ----------- ##

configure:2559: checking for a BSD-compatible install
configure:2627: result: /usr/bin/install -c
configure:2638: checking whether build environment is sane
configure:2693: result: yes
configure:2844: checking for a thread-safe mkdir -p
configure:2883: result: /bin/mkdir -p
configure:2896: checking for gawk
configure:2912: found /usr/bin/gawk
configure:2923: result: gawk
configure:2934: checking whether make sets $(MAKE)
configure:2956: result: yes
configure:3047: checking whether make supports nested variables
configure:3064: result: yes
configure:3104: checking build system type
configure:3118: result: x86_64-unknown-linux-gnu
configure:3138: checking host system type
configure:3151: result: x86_64-unknown-linux-gnu
configure:3192: checking how to print strings
configure:3219: result: printf
configure:3252: checking for style of include used by make
configure:3280: result: GNU
configure:3351: checking for gcc
configure:3378: result: gcc
configure:3607: checking for C compiler version
configure:3616: gcc --version >&5
gcc (Ubuntu 7.5.0-3ubuntu1~18.04) 7.5.0
Copyright (C) 2017 Free Software Foundation, Inc.
This is free software; see the source for copying conditions.  There is NO
warranty; not even for MERCHANTABILITY or FITNESS FOR A PARTICULAR PURPOSE.

configure:3627: $? = 0
configure:3616: gcc -v >&5
Using built-in specs.
COLLECT_GCC=gcc
COLLECT_LTO_WRAPPER=/usr/lib/gcc/x86_64-linux-gnu/7/lto-wrapper
OFFLOAD_TARGET_NAMES=nvptx-none
OFFLOAD_TARGET_DEFAULT=1
Target: x86_64-linux-gnu
Configured with: ../src/configure -v --with-pkgversion='Ubuntu 7.5.0-3ubuntu1~18.04' --with-bugurl=file:///usr/share/doc/gcc-7/README.Bugs --enable-languages=c,ada,c++,go,brig,d,fortran,objc,obj-c++ --prefix=/usr --with-gcc-major-version-only --program-suffix=-7 --program-prefix=x86_64-linux-gnu- --enable-shared --enable-linker-build-id --libexecdir=/usr/lib --without-included-gettext --enable-threads=posix --libdir=/usr/lib --enable-nls --enable-bootstrap --enable-clocale=gnu --enable-libstdcxx-debug --enable-libstdcxx-time=yes --with-default-libstdcxx-abi=new --enable-gnu-unique-object --disable-vtable-verify --enable-libmpx --enable-plugin --enable-default-pie --with-system-zlib --with-target-system-zlib --enable-objc-gc=auto --enable-multiarch --disable-werror --with-arch-32=i686 --with-abi=m64 --with-multilib-list=m32,m64,mx32 --enable-multilib --with-tune=generic --enable-offload-targets=nvptx-none --without-cuda-driver --enable-checking=release --build=x86_64-linux-gnu --host=x86_64-linux-gnu --target=x86_64-linux-gnu
Thread model: posix
gcc version 7.5.0 (Ubuntu 7.5.0-3ubuntu1~18.04) 
configure:3627: $? = 0
configure:3616: gcc -V >&5
gcc: error: unrecognized command line option '-V'
gcc: fatal error: no input files
compilation terminated.
configure:3627: $? = 1
configure:3616: gcc -qversion >&5
gcc: error: unrecognized command line option '-qversion'; did you mean '--version'?
gcc: fatal error: no input files
compilation terminated.
configure:3627: $? = 1
configure:3647: checking whether the C compiler works
configure:3669: gcc   -O2 -DGNU -I/home/kate/Netgear/RAX220/GPL/RAXE500_V1.0.1.52_GPL_release/bcm963xx/bcmdrivers/opensource/include/bcm963xx -I/home/kate/Netgear/RAX220/GPL/RAXE500_V1.0.1.52_GPL_release/bcm963xx/shared/opensource/include/bcm963xx -I.    conftest.c  >&5
configure:3673: $? = 0
configure:3721: result: yes
configure:3724: checking for C compiler default output file name
configure:3726: result: a.out
configure:3732: checking for suffix of executables
configure:3739: gcc -o conftest   -O2 -DGNU -I/home/kate/Netgear/RAX220/GPL/RAXE500_V1.0.1.52_GPL_release/bcm963xx/bcmdrivers/opensource/include/bcm963xx -I/home/kate/Netgear/RAX220/GPL/RAXE500_V1.0.1.52_GPL_release/bcm963xx/shared/opensource/include/bcm963xx -I.    conftest.c  >&5
configure:3743: $? = 0
configure:3765: result: 
configure:3787: checking whether we are cross compiling
configure:3795: gcc -o conftest   -O2 -DGNU -I/home/kate/Netgear/RAX220/GPL/RAXE500_V1.0.1.52_GPL_release/bcm963xx/bcmdrivers/opensource/include/bcm963xx -I/home/kate/Netgear/RAX220/GPL/RAXE500_V1.0.1.52_GPL_release/bcm963xx/shared/opensource/include/bcm963xx -I.    conftest.c  >&5
configure:3799: $? = 0
configure:3806: ./conftest
configure:3810: $? = 0
configure:3825: result: no
configure:3830: checking for suffix of object files
configure:3852: gcc -c   -O2 -DGNU -I/home/kate/Netgear/RAX220/GPL/RAXE500_V1.0.1.52_GPL_release/bcm963xx/bcmdrivers/opensource/include/bcm963xx -I/home/kate/Netgear/RAX220/GPL/RAXE500_V1.0.1.52_GPL_release/bcm963xx/shared/opensource/include/bcm963xx -I.   conftest.c >&5
configure:3856: $? = 0
configure:3877: result: o
configure:3881: checking whether we are using the GNU C compiler
configure:3900: gcc -c   -O2 -DGNU -I/home/kate/Netgear/RAX220/GPL/RAXE500_V1.0.1.52_GPL_release/bcm963xx/bcmdrivers/opensource/include/bcm963xx -I/home/kate/Netgear/RAX220/GPL/RAXE500_V1.0.1.52_GPL_release/bcm963xx/shared/opensource/include/bcm963xx -I.   conftest.c >&5
configure:3900: $? = 0
configure:3909: result: yes
configure:3918: checking whether gcc accepts -g
configure:3938: gcc -c -g  conftest.c >&5
configure:3938: $? = 0
configure:3979: result: yes
configure:3996: checking for gcc option to accept ISO C89
configure:4059: gcc  -c   -O2 -DGNU -I/home/kate/Netgear/RAX220/GPL/RAXE500_V1.0.1.52_GPL_release/bcm963xx/bcmdrivers/opensource/include/bcm963xx -I/home/kate/Netgear/RAX220/GPL/RAXE500_V1.0.1.52_GPL_release/bcm963xx/shared/opensource/include/bcm963xx -I.   conftest.c >&5
configure:4059: $? = 0
configure:4072: result: none needed
configure:4094: checking dependency style of gcc
configure:4205: result: gcc3
configure:4220: checking for a sed that does not truncate output
configure:4284: result: /bin/sed
configure:4302: checking for grep that handles long lines and -e
configure:4360: result: /bin/grep
configure:4365: checking for egrep
configure:4427: result: /bin/grep -E
configure:4432: checking for fgrep
configure:4494: result: /bin/grep -F
configure:4529: checking for ld used by gcc
configure:4596: result: /usr/bin/ld
configure:4603: checking if the linker (/usr/bin/ld) is GNU ld
configure:4618: result: yes
configure:4630: checking for BSD- or MS-compatible name lister (nm)
configure:4679: result: /usr/bin/nm -B
configure:4809: checking the name lister (/usr/bin/nm -B) interface
configure:4816: gcc -c   -O2 -DGNU -I/home/kate/Netgear/RAX220/GPL/RAXE500_V1.0.1.52_GPL_release/bcm963xx/bcmdrivers/opensource/include/bcm963xx -I/home/kate/Netgear/RAX220/GPL/RAXE500_V1.0.1.52_GPL_release/bcm963xx/shared/opensource/include/bcm963xx -I.   conftest.c >&5
configure:4819: /usr/bin/nm -B "conftest.o"
configure:4822: output
0000000000000000 B some_variable
configure:4829: result: BSD nm
configure:4832: checking whether ln -s works
configure:4836: result: yes
configure:4844: checking the maximum length of command line arguments
configure:4974: result: 1572864
configure:4991: checking whether the shell understands some XSI constructs
configure:5001: result: yes
configure:5005: checking whether the shell understands "+="
configure:5011: result: yes
configure:5046: checking how to convert x86_64-unknown-linux-gnu file names to x86_64-unknown-linux-gnu format
configure:5086: result: func_convert_file_noop
configure:5093: checking how to convert x86_64-unknown-linux-gnu file names to toolchain format
configure:5113: result: func_convert_file_noop
configure:5120: checking for /usr/bin/ld option to reload object files
configure:5127: result: -r
configure:5201: checking for objdump
configure:5217: found /usr/bin/objdump
configure:5228: result: objdump
configure:5260: checking how to recognize dependent libraries
configure:5462: result: pass_all
configure:5547: checking for dlltool
configure:5577: result: no
configure:5607: checking how to associate runtime and link libraries
configure:5634: result: printf %s\n
configure:5695: checking for ar
configure:5711: found /usr/bin/ar
configure:5722: result: ar
configure:5759: checking for archiver @FILE support
configure:5776: gcc -c   -O2 -DGNU -I/home/kate/Netgear/RAX220/GPL/RAXE500_V1.0.1.52_GPL_release/bcm963xx/bcmdrivers/opensource/include/bcm963xx -I/home/kate/Netgear/RAX220/GPL/RAXE500_V1.0.1.52_GPL_release/bcm963xx/shared/opensource/include/bcm963xx -I.   conftest.c >&5
configure:5776: $? = 0
configure:5779: ar cru libconftest.a @conftest.lst >&5
ar: `u' modifier ignored since `D' is the default (see `U')
configure:5782: $? = 0
configure:5787: ar cru libconftest.a @conftest.lst >&5
ar: `u' modifier ignored since `D' is the default (see `U')
ar: conftest.o: No such file or directory
configure:5790: $? = 1
configure:5802: result: @
configure:5860: checking for strip
configure:5887: result: strip
configure:5959: checking for ranlib
configure:5975: found /usr/bin/ranlib
configure:5986: result: ranlib
configure:6088: checking command to parse /usr/bin/nm -B output from gcc object
configure:6208: gcc -c   -O2 -DGNU -I/home/kate/Netgear/RAX220/GPL/RAXE500_V1.0.1.52_GPL_release/bcm963xx/bcmdrivers/opensource/include/bcm963xx -I/home/kate/Netgear/RAX220/GPL/RAXE500_V1.0.1.52_GPL_release/bcm963xx/shared/opensource/include/bcm963xx -I.   conftest.c >&5
configure:6211: $? = 0
configure:6215: /usr/bin/nm -B conftest.o \| sed -n -e 's/^.*[ ]\([ABCDGIRSTW][ABCDGIRSTW]*\)[ ][ ]*\([_A-Za-z][_A-Za-z0-9]*\)$/\1 \2 \2/p' | sed '/ __gnu_lto/d' \> conftest.nm
configure:6218: $? = 0
configure:6284: gcc -o conftest   -O2 -DGNU -I/home/kate/Netgear/RAX220/GPL/RAXE500_V1.0.1.52_GPL_release/bcm963xx/bcmdrivers/opensource/include/bcm963xx -I/home/kate/Netgear/RAX220/GPL/RAXE500_V1.0.1.52_GPL_release/bcm963xx/shared/opensource/include/bcm963xx -I.    conftest.c conftstm.o >&5
configure:6287: $? = 0
configure:6325: result: ok
configure:6362: checking for sysroot
configure:6392: result: no
configure:6469: gcc -c   -O2 -DGNU -I/home/kate/Netgear/RAX220/GPL/RAXE500_V1.0.1.52_GPL_release/bcm963xx/bcmdrivers/opensource/include/bcm963xx -I/home/kate/Netgear/RAX220/GPL/RAXE500_V1.0.1.52_GPL_release/bcm963xx/shared/opensource/include/bcm963xx -I.   conftest.c >&5
configure:6472: $? = 0
configure:6648: checking for mt
configure:6664: found /bin/mt
configure:6675: result: mt
configure:6698: checking if mt is a manifest tool
configure:6704: mt '-?'
configure:6712: result: no
configure:7354: checking how to run the C preprocessor
configure:7385: gcc -E  conftest.c
configure:7385: $? = 0
configure:7399: gcc -E  conftest.c
conftest.c:11:10: fatal error: ac_nonexistent.h: No such file or directory
 #include <ac_nonexistent.h>
          ^~~~~~~~~~~~~~~~~~
compilation terminated.
configure:7399: $? = 1
configure: failed program was:
| /* confdefs.h */
| #define PACKAGE_NAME "mtd-utils"
| #define PACKAGE_TARNAME "mtd-utils"
| #define PACKAGE_VERSION "2.0.1"
| #define PACKAGE_STRING "mtd-utils 2.0.1"
| #define PACKAGE_BUGREPORT "linux-mtd@lists.infradead.org"
| #define PACKAGE_URL ""
| #define PACKAGE "mtd-utils"
| #define VERSION "2.0.1"
| /* end confdefs.h.  */
| #include <ac_nonexistent.h>
configure:7424: result: gcc -E
configure:7444: gcc -E  conftest.c
configure:7444: $? = 0
configure:7458: gcc -E  conftest.c
conftest.c:11:10: fatal error: ac_nonexistent.h: No such file or directory
 #include <ac_nonexistent.h>
          ^~~~~~~~~~~~~~~~~~
compilation terminated.
configure:7458: $? = 1
configure: failed program was:
| /* confdefs.h */
| #define PACKAGE_NAME "mtd-utils"
| #define PACKAGE_TARNAME "mtd-utils"
| #define PACKAGE_VERSION "2.0.1"
| #define PACKAGE_STRING "mtd-utils 2.0.1"
| #define PACKAGE_BUGREPORT "linux-mtd@lists.infradead.org"
| #define PACKAGE_URL ""
| #define PACKAGE "mtd-utils"
| #define VERSION "2.0.1"
| /* end confdefs.h.  */
| #include <ac_nonexistent.h>
configure:7487: checking for ANSI C header files
configure:7507: gcc -c   -O2 -DGNU -I/home/kate/Netgear/RAX220/GPL/RAXE500_V1.0.1.52_GPL_release/bcm963xx/bcmdrivers/opensource/include/bcm963xx -I/home/kate/Netgear/RAX220/GPL/RAXE500_V1.0.1.52_GPL_release/bcm963xx/shared/opensource/include/bcm963xx -I.   conftest.c >&5
configure:7507: $? = 0
configure:7580: gcc -o conftest   -O2 -DGNU -I/home/kate/Netgear/RAX220/GPL/RAXE500_V1.0.1.52_GPL_release/bcm963xx/bcmdrivers/opensource/include/bcm963xx -I/home/kate/Netgear/RAX220/GPL/RAXE500_V1.0.1.52_GPL_release/bcm963xx/shared/opensource/include/bcm963xx -I.    conftest.c  >&5
configure:7580: $? = 0
configure:7580: ./conftest
configure:7580: $? = 0
configure:7591: result: yes
configure:7604: checking for sys/types.h
configure:7604: gcc -c   -O2 -DGNU -I/home/kate/Netgear/RAX220/GPL/RAXE500_V1.0.1.52_GPL_release/bcm963xx/bcmdrivers/opensource/include/bcm963xx -I/home/kate/Netgear/RAX220/GPL/RAXE500_V1.0.1.52_GPL_release/bcm963xx/shared/opensource/include/bcm963xx -I.   conftest.c >&5
configure:7604: $? = 0
configure:7604: result: yes
configure:7604: checking for sys/stat.h
configure:7604: gcc -c   -O2 -DGNU -I/home/kate/Netgear/RAX220/GPL/RAXE500_V1.0.1.52_GPL_release/bcm963xx/bcmdrivers/opensource/include/bcm963xx -I/home/kate/Netgear/RAX220/GPL/RAXE500_V1.0.1.52_GPL_release/bcm963xx/shared/opensource/include/bcm963xx -I.   conftest.c >&5
configure:7604: $? = 0
configure:7604: result: yes
configure:7604: checking for stdlib.h
configure:7604: gcc -c   -O2 -DGNU -I/home/kate/Netgear/RAX220/GPL/RAXE500_V1.0.1.52_GPL_release/bcm963xx/bcmdrivers/opensource/include/bcm963xx -I/home/kate/Netgear/RAX220/GPL/RAXE500_V1.0.1.52_GPL_release/bcm963xx/shared/opensource/include/bcm963xx -I.   conftest.c >&5
configure:7604: $? = 0
configure:7604: result: yes
configure:7604: checking for string.h
configure:7604: gcc -c   -O2 -DGNU -I/home/kate/Netgear/RAX220/GPL/RAXE500_V1.0.1.52_GPL_release/bcm963xx/bcmdrivers/opensource/include/bcm963xx -I/home/kate/Netgear/RAX220/GPL/RAXE500_V1.0.1.52_GPL_release/bcm963xx/shared/opensource/include/bcm963xx -I.   conftest.c >&5
configure:7604: $? = 0
configure:7604: result: yes
configure:7604: checking for memory.h
configure:7604: gcc -c   -O2 -DGNU -I/home/kate/Netgear/RAX220/GPL/RAXE500_V1.0.1.52_GPL_release/bcm963xx/bcmdrivers/opensource/include/bcm963xx -I/home/kate/Netgear/RAX220/GPL/RAXE500_V1.0.1.52_GPL_release/bcm963xx/shared/opensource/include/bcm963xx -I.   conftest.c >&5
configure:7604: $? = 0
configure:7604: result: yes
configure:7604: checking for strings.h
configure:7604: gcc -c   -O2 -DGNU -I/home/kate/Netgear/RAX220/GPL/RAXE500_V1.0.1.52_GPL_release/bcm963xx/bcmdrivers/opensource/include/bcm963xx -I/home/kate/Netgear/RAX220/GPL/RAXE500_V1.0.1.52_GPL_release/bcm963xx/shared/opensource/include/bcm963xx -I.   conftest.c >&5
configure:7604: $? = 0
configure:7604: result: yes
configure:7604: checking for inttypes.h
configure:7604: gcc -c   -O2 -DGNU -I/home/kate/Netgear/RAX220/GPL/RAXE500_V1.0.1.52_GPL_release/bcm963xx/bcmdrivers/opensource/include/bcm963xx -I/home/kate/Netgear/RAX220/GPL/RAXE500_V1.0.1.52_GPL_release/bcm963xx/shared/opensource/include/bcm963xx -I.   conftest.c >&5
configure:7604: $? = 0
configure:7604: result: yes
configure:7604: checking for stdint.h
configure:7604: gcc -c   -O2 -DGNU -I/home/kate/Netgear/RAX220/GPL/RAXE500_V1.0.1.52_GPL_release/bcm963xx/bcmdrivers/opensource/include/bcm963xx -I/home/kate/Netgear/RAX220/GPL/RAXE500_V1.0.1.52_GPL_release/bcm963xx/shared/opensource/include/bcm963xx -I.   conftest.c >&5
configure:7604: $? = 0
configure:7604: result: yes
configure:7604: checking for unistd.h
configure:7604: gcc -c   -O2 -DGNU -I/home/kate/Netgear/RAX220/GPL/RAXE500_V1.0.1.52_GPL_release/bcm963xx/bcmdrivers/opensource/include/bcm963xx -I/home/kate/Netgear/RAX220/GPL/RAXE500_V1.0.1.52_GPL_release/bcm963xx/shared/opensource/include/bcm963xx -I.   conftest.c >&5
configure:7604: $? = 0
configure:7604: result: yes
configure:7618: checking for dlfcn.h
configure:7618: gcc -c   -O2 -DGNU -I/home/kate/Netgear/RAX220/GPL/RAXE500_V1.0.1.52_GPL_release/bcm963xx/bcmdrivers/opensource/include/bcm963xx -I/home/kate/Netgear/RAX220/GPL/RAXE500_V1.0.1.52_GPL_release/bcm963xx/shared/opensource/include/bcm963xx -I.   conftest.c >&5
configure:7618: $? = 0
configure:7618: result: yes
configure:7824: checking for objdir
configure:7839: result: .libs
configure:8110: checking if gcc supports -fno-rtti -fno-exceptions
configure:8128: gcc -c   -O2 -DGNU -I/home/kate/Netgear/RAX220/GPL/RAXE500_V1.0.1.52_GPL_release/bcm963xx/bcmdrivers/opensource/include/bcm963xx -I/home/kate/Netgear/RAX220/GPL/RAXE500_V1.0.1.52_GPL_release/bcm963xx/shared/opensource/include/bcm963xx -I.   -fno-rtti -fno-exceptions conftest.c >&5
cc1: warning: command line option '-fno-rtti' is valid for C++/ObjC++ but not for C
configure:8132: $? = 0
configure:8145: result: no
configure:8472: checking for gcc option to produce PIC
configure:8479: result: -fPIC -DPIC
configure:8487: checking if gcc PIC flag -fPIC -DPIC works
configure:8505: gcc -c   -O2 -DGNU -I/home/kate/Netgear/RAX220/GPL/RAXE500_V1.0.1.52_GPL_release/bcm963xx/bcmdrivers/opensource/include/bcm963xx -I/home/kate/Netgear/RAX220/GPL/RAXE500_V1.0.1.52_GPL_release/bcm963xx/shared/opensource/include/bcm963xx -I.   -fPIC -DPIC -DPIC conftest.c >&5
configure:8509: $? = 0
configure:8522: result: yes
configure:8551: checking if gcc static flag -static works
configure:8579: result: yes
configure:8594: checking if gcc supports -c -o file.o
configure:8615: gcc -c   -O2 -DGNU -I/home/kate/Netgear/RAX220/GPL/RAXE500_V1.0.1.52_GPL_release/bcm963xx/bcmdrivers/opensource/include/bcm963xx -I/home/kate/Netgear/RAX220/GPL/RAXE500_V1.0.1.52_GPL_release/bcm963xx/shared/opensource/include/bcm963xx -I.   -o out/conftest2.o conftest.c >&5
configure:8619: $? = 0
configure:8641: result: yes
configure:8649: checking if gcc supports -c -o file.o
configure:8696: result: yes
configure:8729: checking whether the gcc linker (/usr/bin/ld -m elf_x86_64) supports shared libraries
configure:9882: result: yes
configure:9919: checking whether -lc should be explicitly linked in
configure:9927: gcc -c   -O2 -DGNU -I/home/kate/Netgear/RAX220/GPL/RAXE500_V1.0.1.52_GPL_release/bcm963xx/bcmdrivers/opensource/include/bcm963xx -I/home/kate/Netgear/RAX220/GPL/RAXE500_V1.0.1.52_GPL_release/bcm963xx/shared/opensource/include/bcm963xx -I.   conftest.c >&5
configure:9930: $? = 0
configure:9945: gcc -shared  -fPIC -DPIC conftest.o  -v -Wl,-soname -Wl,conftest -o conftest 2\>\&1 \| /bin/grep  -lc  \>/dev/null 2\>\&1
configure:9948: $? = 0
configure:9962: result: no
configure:10122: checking dynamic linker characteristics
configure:10633: gcc -o conftest   -O2 -DGNU -I/home/kate/Netgear/RAX220/GPL/RAXE500_V1.0.1.52_GPL_release/bcm963xx/bcmdrivers/opensource/include/bcm963xx -I/home/kate/Netgear/RAX220/GPL/RAXE500_V1.0.1.52_GPL_release/bcm963xx/shared/opensource/include/bcm963xx -I.    -Wl,-rpath -Wl,/foo conftest.c  >&5
configure:10633: $? = 0
configure:10855: result: GNU/Linux ld.so
configure:10962: checking how to hardcode library paths into programs
configure:10987: result: immediate
configure:11527: checking whether stripping libraries is possible
configure:11532: result: yes
configure:11567: checking if libtool supports shared libraries
configure:11569: result: yes
configure:11572: checking whether to build shared libraries
configure:11593: result: yes
configure:11596: checking whether to build static libraries
configure:11600: result: yes
configure:11713: checking for gcc
configure:11740: result: gcc
configure:11969: checking for C compiler version
configure:11978: gcc --version >&5
gcc (Ubuntu 7.5.0-3ubuntu1~18.04) 7.5.0
Copyright (C) 2017 Free Software Foundation, Inc.
This is free software; see the source for copying conditions.  There is NO
warranty; not even for MERCHANTABILITY or FITNESS FOR A PARTICULAR PURPOSE.

configure:11989: $? = 0
configure:11978: gcc -v >&5
Using built-in specs.
COLLECT_GCC=gcc
COLLECT_LTO_WRAPPER=/usr/lib/gcc/x86_64-linux-gnu/7/lto-wrapper
OFFLOAD_TARGET_NAMES=nvptx-none
OFFLOAD_TARGET_DEFAULT=1
Target: x86_64-linux-gnu
Configured with: ../src/configure -v --with-pkgversion='Ubuntu 7.5.0-3ubuntu1~18.04' --with-bugurl=file:///usr/share/doc/gcc-7/README.Bugs --enable-languages=c,ada,c++,go,brig,d,fortran,objc,obj-c++ --prefix=/usr --with-gcc-major-version-only --program-suffix=-7 --program-prefix=x86_64-linux-gnu- --enable-shared --enable-linker-build-id --libexecdir=/usr/lib --without-included-gettext --enable-threads=posix --libdir=/usr/lib --enable-nls --enable-bootstrap --enable-clocale=gnu --enable-libstdcxx-debug --enable-libstdcxx-time=yes --with-default-libstdcxx-abi=new --enable-gnu-unique-object --disable-vtable-verify --enable-libmpx --enable-plugin --enable-default-pie --with-system-zlib --with-target-system-zlib --enable-objc-gc=auto --enable-multiarch --disable-werror --with-arch-32=i686 --with-abi=m64 --with-multilib-list=m32,m64,mx32 --enable-multilib --with-tune=generic --enable-offload-targets=nvptx-none --without-cuda-driver --enable-checking=release --build=x86_64-linux-gnu --host=x86_64-linux-gnu --target=x86_64-linux-gnu
Thread model: posix
gcc version 7.5.0 (Ubuntu 7.5.0-3ubuntu1~18.04) 
configure:11989: $? = 0
configure:11978: gcc -V >&5
gcc: error: unrecognized command line option '-V'
gcc: fatal error: no input files
compilation terminated.
configure:11989: $? = 1
configure:11978: gcc -qversion >&5
gcc: error: unrecognized command line option '-qversion'; did you mean '--version'?
gcc: fatal error: no input files
compilation terminated.
configure:11989: $? = 1
configure:11993: checking whether we are using the GNU C compiler
configure:12021: result: yes
configure:12030: checking whether gcc accepts -g
configure:12091: result: yes
configure:12108: checking for gcc option to accept ISO C89
configure:12184: result: none needed
configure:12206: checking dependency style of gcc
configure:12317: result: gcc3
configure:12337: checking whether compiler handles -Wall
configure:12361: gcc -E -Werror  -Wall conftest.c
configure:12361: $? = 0
configure:12373: result: yes
configure:12381: checking whether compiler handles -Wextra
configure:12405: gcc -E -Werror  -Wextra conftest.c
configure:12405: $? = 0
configure:12417: result: yes
configure:12425: checking whether compiler handles -Wunused
configure:12449: gcc -E -Werror  -Wunused conftest.c
configure:12449: $? = 0
configure:12461: result: yes
configure:12469: checking whether compiler handles -Wmissing-prototypes
configure:12493: gcc -E -Werror  -Wmissing-prototypes conftest.c
configure:12493: $? = 0
configure:12505: result: yes
configure:12513: checking whether compiler handles -Wmissing-declarations
configure:12537: gcc -E -Werror  -Wmissing-declarations conftest.c
configure:12537: $? = 0
configure:12549: result: yes
configure:12557: checking whether compiler handles -Wwrite-strings
configure:12581: gcc -E -Werror  -Wwrite-strings conftest.c
configure:12581: $? = 0
configure:12593: result: yes
configure:12601: checking whether compiler handles -Wjump-misses-init
configure:12625: gcc -E -Werror  -Wjump-misses-init conftest.c
configure:12625: $? = 0
configure:12637: result: yes
configure:12645: checking whether compiler handles -Wuninitialized
configure:12669: gcc -E -Werror  -Wuninitialized conftest.c
configure:12669: $? = 0
configure:12681: result: yes
configure:12689: checking whether compiler handles -Winit-self
configure:12713: gcc -E -Werror  -Winit-self conftest.c
configure:12713: $? = 0
configure:12725: result: yes
configure:12733: checking whether compiler handles -Wlogical-op
configure:12757: gcc -E -Werror  -Wlogical-op conftest.c
configure:12757: $? = 0
configure:12769: result: yes
configure:12777: checking whether compiler handles -Wunused-but-set-parameter
configure:12801: gcc -E -Werror  -Wunused-but-set-parameter conftest.c
configure:12801: $? = 0
configure:12813: result: yes
configure:12821: checking whether compiler handles -Wunused-but-set-variable
configure:12845: gcc -E -Werror  -Wunused-but-set-variable conftest.c
configure:12845: $? = 0
configure:12857: result: yes
configure:12865: checking whether compiler handles -Wunused-parameter
configure:12889: gcc -E -Werror  -Wunused-parameter conftest.c
configure:12889: $? = 0
configure:12901: result: yes
configure:12909: checking whether compiler handles -Wunused-result
configure:12933: gcc -E -Werror  -Wunused-result conftest.c
configure:12933: $? = 0
configure:12945: result: yes
configure:12953: checking whether compiler handles -Wunused-variable
configure:12977: gcc -E -Werror  -Wunused-variable conftest.c
configure:12977: $? = 0
configure:12989: result: yes
configure:12998: checking whether compiler handles -Wno-shadow
configure:13022: gcc -E -Werror  -Wno-shadow conftest.c
configure:13022: $? = 0
configure:13034: result: yes
configure:13042: checking whether compiler handles -Wno-sign-compare
configure:13066: gcc -E -Werror  -Wno-sign-compare conftest.c
configure:13066: $? = 0
configure:13078: result: yes
configure:13361: checking for pkg-config
configure:13379: found /usr/bin/pkg-config
configure:13391: result: /usr/bin/pkg-config
configure:13416: checking pkg-config is at least version 0.9.0
configure:13419: result: yes
configure:13429: checking for ZLIB
configure:13436: $PKG_CONFIG --exists --print-errors "zlib"
configure:13439: $? = 0
configure:13453: $PKG_CONFIG --exists --print-errors "zlib"
configure:13456: $? = 0
configure:13494: result: yes
configure:13503: checking for UUID
configure:13510: $PKG_CONFIG --exists --print-errors "uuid"
configure:13513: $? = 0
configure:13527: $PKG_CONFIG --exists --print-errors "uuid"
configure:13530: $? = 0
configure:13568: result: yes
configure:14293: checking for lzo1x_1_15_compress in -llzo2
configure:14318: gcc -o conftest   -O2 -DGNU -I/home/kate/Netgear/RAX220/GPL/RAXE500_V1.0.1.52_GPL_release/bcm963xx/bcmdrivers/opensource/include/bcm963xx -I/home/kate/Netgear/RAX220/GPL/RAXE500_V1.0.1.52_GPL_release/bcm963xx/shared/opensource/include/bcm963xx -I.    conftest.c -llzo2   >&5
configure:14318: $? = 0
configure:14327: result: yes
configure:14487: checking execinfo.h usability
configure:14487: gcc -c   -O2 -DGNU -I/home/kate/Netgear/RAX220/GPL/RAXE500_V1.0.1.52_GPL_release/bcm963xx/bcmdrivers/opensource/include/bcm963xx -I/home/kate/Netgear/RAX220/GPL/RAXE500_V1.0.1.52_GPL_release/bcm963xx/shared/opensource/include/bcm963xx -I.   conftest.c >&5
configure:14487: $? = 0
configure:14487: result: yes
configure:14487: checking execinfo.h presence
configure:14487: gcc -E  conftest.c
configure:14487: $? = 0
configure:14487: result: yes
configure:14487: checking for execinfo.h
configure:14487: result: yes
configure:14591: checking size of off_t
configure:14596: gcc -o conftest   -O2 -DGNU -I/home/kate/Netgear/RAX220/GPL/RAXE500_V1.0.1.52_GPL_release/bcm963xx/bcmdrivers/opensource/include/bcm963xx -I/home/kate/Netgear/RAX220/GPL/RAXE500_V1.0.1.52_GPL_release/bcm963xx/shared/opensource/include/bcm963xx -I.    conftest.c  >&5
configure:14596: $? = 0
configure:14596: ./conftest
configure:14596: $? = 0
configure:14610: result: 8
configure:14624: checking size of loff_t
configure:14629: gcc -o conftest   -O2 -DGNU -I/home/kate/Netgear/RAX220/GPL/RAXE500_V1.0.1.52_GPL_release/bcm963xx/bcmdrivers/opensource/include/bcm963xx -I/home/kate/Netgear/RAX220/GPL/RAXE500_V1.0.1.52_GPL_release/bcm963xx/shared/opensource/include/bcm963xx -I.    conftest.c  >&5
configure:14629: $? = 0
configure:14629: ./conftest
configure:14629: $? = 0
configure:14643: result: 8
configure:14783: checking that generated files are newer than configure
configure:14789: result: done
configure:14872: creating ./config.status

## ---------------------- ##
## Running config.status. ##
## ---------------------- ##

This file was extended by mtd-utils config.status 2.0.1, which was
generated by GNU Autoconf 2.69.  Invocation command line was

  CONFIG_FILES    = 
  CONFIG_HEADERS  = 
  CONFIG_LINKS    = 
  CONFIG_COMMANDS = 
  $ ./config.status 

on cpe2rd-virtual-machine

config.status:1122: creating tests/fs-tests/fs_help_all.sh
config.status:1122: creating tests/fs-tests/fs_run_all.sh
config.status:1122: creating tests/fs-tests/stress/fs_stress00.sh
config.status:1122: creating tests/fs-tests/stress/fs_stress01.sh
config.status:1122: creating tests/ubi-tests/runubitests.sh
config.status:1122: creating tests/ubi-tests/ubi-stress-test.sh
config.status:1122: creating Makefile
config.status:1122: creating include/config.h
config.status:1351: executing depfiles commands
config.status:1351: executing libtool commands

## ---------------- ##
## Cache variables. ##
## ---------------- ##

ac_cv_build=x86_64-unknown-linux-gnu
ac_cv_c_compiler_gnu=yes
ac_cv_env_CC_set=set
ac_cv_env_CC_value=gcc
ac_cv_env_CFLAGS_set=set
ac_cv_env_CFLAGS_value='  -O2 -DGNU -I/home/kate/Netgear/RAX220/GPL/RAXE500_V1.0.1.52_GPL_release/bcm963xx/bcmdrivers/opensource/include/bcm963xx -I/home/kate/Netgear/RAX220/GPL/RAXE500_V1.0.1.52_GPL_release/bcm963xx/shared/opensource/include/bcm963xx -I. '
ac_cv_env_CMOCKA_CFLAGS_set=
ac_cv_env_CMOCKA_CFLAGS_value=
ac_cv_env_CMOCKA_LIBS_set=
ac_cv_env_CMOCKA_LIBS_value=
ac_cv_env_CPPFLAGS_set=
ac_cv_env_CPPFLAGS_value=
ac_cv_env_CPP_set=
ac_cv_env_CPP_value=
ac_cv_env_LDFLAGS_set=
ac_cv_env_LDFLAGS_value=
ac_cv_env_LIBS_set=
ac_cv_env_LIBS_value=
ac_cv_env_LZO_CFLAGS_set=
ac_cv_env_LZO_CFLAGS_value=
ac_cv_env_LZO_LIBS_set=
ac_cv_env_LZO_LIBS_value=
ac_cv_env_PKG_CONFIG_LIBDIR_set=
ac_cv_env_PKG_CONFIG_LIBDIR_value=
ac_cv_env_PKG_CONFIG_PATH_set=
ac_cv_env_PKG_CONFIG_PATH_value=
ac_cv_env_PKG_CONFIG_set=
ac_cv_env_PKG_CONFIG_value=
ac_cv_env_UUID_CFLAGS_set=
ac_cv_env_UUID_CFLAGS_value=
ac_cv_env_UUID_LIBS_set=
ac_cv_env_UUID_LIBS_value=
ac_cv_env_ZLIB_CFLAGS_set=
ac_cv_env_ZLIB_CFLAGS_value=
ac_cv_env_ZLIB_LIBS_set=
ac_cv_env_ZLIB_LIBS_value=
ac_cv_env_build_alias_set=
ac_cv_env_build_alias_value=
ac_cv_env_host_alias_set=
ac_cv_env_host_alias_value=
ac_cv_env_target_alias_set=
ac_cv_env_target_alias_value=
ac_cv_header_dlfcn_h=yes
ac_cv_header_execinfo_h=yes
ac_cv_header_inttypes_h=yes
ac_cv_header_memory_h=yes
ac_cv_header_stdc=yes
ac_cv_header_stdint_h=yes
ac_cv_header_stdlib_h=yes
ac_cv_header_string_h=yes
ac_cv_header_strings_h=yes
ac_cv_header_sys_stat_h=yes
ac_cv_header_sys_types_h=yes
ac_cv_header_unistd_h=yes
ac_cv_host=x86_64-unknown-linux-gnu
ac_cv_lib_lzo2_lzo1x_1_15_compress=yes
ac_cv_objext=o
ac_cv_path_EGREP='/bin/grep -E'
ac_cv_path_FGREP='/bin/grep -F'
ac_cv_path_GREP=/bin/grep
ac_cv_path_SED=/bin/sed
ac_cv_path_ac_pt_PKG_CONFIG=/usr/bin/pkg-config
ac_cv_path_install='/usr/bin/install -c'
ac_cv_path_mkdir=/bin/mkdir
ac_cv_prog_AWK=gawk
ac_cv_prog_CPP='gcc -E'
ac_cv_prog_ac_ct_AR=ar
ac_cv_prog_ac_ct_CC=gcc
ac_cv_prog_ac_ct_MANIFEST_TOOL=mt
ac_cv_prog_ac_ct_OBJDUMP=objdump
ac_cv_prog_ac_ct_RANLIB=ranlib
ac_cv_prog_ac_ct_STRIP=strip
ac_cv_prog_cc_c89=
ac_cv_prog_cc_g=yes
ac_cv_prog_make_make_set=yes
ac_cv_sizeof_loff_t=8
ac_cv_sizeof_off_t=8
am_cv_CC_dependencies_compiler_type=gcc3
am_cv_make_support_nested_variables=yes
lt_cv_ar_at_file=@
lt_cv_archive_cmds_need_lc=no
lt_cv_deplibs_check_method=pass_all
lt_cv_file_magic_cmd='$MAGIC_CMD'
lt_cv_file_magic_test_file=
lt_cv_ld_reload_flag=-r
lt_cv_nm_interface='BSD nm'
lt_cv_objdir=.libs
lt_cv_path_LD=/usr/bin/ld
lt_cv_path_NM='/usr/bin/nm -B'
lt_cv_path_mainfest_tool=no
lt_cv_prog_compiler_c_o=yes
lt_cv_prog_compiler_pic='-fPIC -DPIC'
lt_cv_prog_compiler_pic_works=yes
lt_cv_prog_compiler_rtti_exceptions=no
lt_cv_prog_compiler_static_works=yes
lt_cv_prog_gnu_ld=yes
lt_cv_sharedlib_from_linklib_cmd='printf %s\n'
lt_cv_shlibpath_overrides_runpath=yes
lt_cv_sys_global_symbol_pipe='sed -n -e '\''s/^.*[	 ]\([ABCDGIRSTW][ABCDGIRSTW]*\)[	 ][	 ]*\([_A-Za-z][_A-Za-z0-9]*\)$/\1 \2 \2/p'\'' | sed '\''/ __gnu_lto/d'\'''
lt_cv_sys_global_symbol_to_c_name_address='sed -n -e '\''s/^: \([^ ]*\)[ ]*$/  {\"\1\", (void *) 0},/p'\'' -e '\''s/^[ABCDGIRSTW]* \([^ ]*\) \([^ ]*\)$/  {"\2", (void *) \&\2},/p'\'''
lt_cv_sys_global_symbol_to_c_name_address_lib_prefix='sed -n -e '\''s/^: \([^ ]*\)[ ]*$/  {\"\1\", (void *) 0},/p'\'' -e '\''s/^[ABCDGIRSTW]* \([^ ]*\) \(lib[^ ]*\)$/  {"\2", (void *) \&\2},/p'\'' -e '\''s/^[ABCDGIRSTW]* \([^ ]*\) \([^ ]*\)$/  {"lib\2", (void *) \&\2},/p'\'''
lt_cv_sys_global_symbol_to_cdecl='sed -n -e '\''s/^T .* \(.*\)$/extern int \1();/p'\'' -e '\''s/^[ABCDGIRSTW]* .* \(.*\)$/extern char \1;/p'\'''
lt_cv_sys_max_cmd_len=1572864
lt_cv_to_host_file_cmd=func_convert_file_noop
lt_cv_to_tool_file_cmd=func_convert_file_noop
pkg_cv_UUID_CFLAGS=-I/usr/include/uuid
pkg_cv_UUID_LIBS=-luuid
pkg_cv_ZLIB_CFLAGS=
pkg_cv_ZLIB_LIBS=-lz
ul_cv_warn__Wall=yes
ul_cv_warn__Wextra=yes
ul_cv_warn__Winit_self=yes
ul_cv_warn__Wjump_misses_init=yes
ul_cv_warn__Wlogical_op=yes
ul_cv_warn__Wmissing_declarations=yes
ul_cv_warn__Wmissing_prototypes=yes
ul_cv_warn__Wno_shadow=yes
ul_cv_warn__Wno_sign_compare=yes
ul_cv_warn__Wuninitialized=yes
ul_cv_warn__Wunused=yes
ul_cv_warn__Wunused_but_set_parameter=yes
ul_cv_warn__Wunused_but_set_variable=yes
ul_cv_warn__Wunused_parameter=yes
ul_cv_warn__Wunused_result=yes
ul_cv_warn__Wunused_variable=yes
ul_cv_warn__Wwrite_strings=yes

## ----------------- ##
## Output variables. ##
## ----------------- ##

ACLOCAL='${SHELL} /home/kate/Netgear/RAX220/GPL/RAXE500_V1.0.1.52_GPL_release/bcm963xx/hostTools/mtd-utils-2.0.1/missing --run aclocal-1.12'
AMDEPBACKSLASH='\'
AMDEP_FALSE='#'
AMDEP_TRUE=''
AMTAR='$${TAR-tar}'
AM_BACKSLASH='\'
AM_DEFAULT_V='$(AM_DEFAULT_VERBOSITY)'
AM_DEFAULT_VERBOSITY='0'
AM_V='$(V)'
AR='ar'
AUTOCONF='${SHELL} /home/kate/Netgear/RAX220/GPL/RAXE500_V1.0.1.52_GPL_release/bcm963xx/hostTools/mtd-utils-2.0.1/missing --run autoconf'
AUTOHEADER='${SHELL} /home/kate/Netgear/RAX220/GPL/RAXE500_V1.0.1.52_GPL_release/bcm963xx/hostTools/mtd-utils-2.0.1/missing --run autoheader'
AUTOMAKE='${SHELL} /home/kate/Netgear/RAX220/GPL/RAXE500_V1.0.1.52_GPL_release/bcm963xx/hostTools/mtd-utils-2.0.1/missing --run automake-1.12'
AWK='gawk'
BUILD_JFFSX_FALSE='#'
BUILD_JFFSX_TRUE=''
BUILD_TESTS_FALSE=''
BUILD_TESTS_TRUE='#'
BUILD_UBIFS_FALSE='#'
BUILD_UBIFS_TRUE=''
CC='gcc'
CCDEPMODE='depmode=gcc3'
CFLAGS='  -O2 -DGNU -I/home/kate/Netgear/RAX220/GPL/RAXE500_V1.0.1.52_GPL_release/bcm963xx/bcmdrivers/opensource/include/bcm963xx -I/home/kate/Netgear/RAX220/GPL/RAXE500_V1.0.1.52_GPL_release/bcm963xx/shared/opensource/include/bcm963xx -I. '
CMOCKA_CFLAGS=''
CMOCKA_LIBS=''
CPP='gcc -E'
CPPFLAGS=''
CYGPATH_W='echo'
DEFS='-DHAVE_CONFIG_H'
DEPDIR='.deps'
DLLTOOL='false'
DSYMUTIL=''
DUMPBIN=''
ECHO_C=''
ECHO_N='-n'
ECHO_T=''
EGREP='/bin/grep -E'
EXEEXT=''
FGREP='/bin/grep -F'
GREP='/bin/grep'
INSTALL_DATA='${INSTALL} -m 644'
INSTALL_PROGRAM='${INSTALL}'
INSTALL_SCRIPT='${INSTALL}'
INSTALL_STRIP_PROGRAM='$(install_sh) -c -s'
INSTALL_TESTS_FALSE=''
INSTALL_TESTS_TRUE='#'
LD='/usr/bin/ld -m elf_x86_64'
LDFLAGS=''
LIBOBJS=''
LIBS=''
LIBTOOL='$(SHELL) $(top_builddir)/libtool'
LIPO=''
LN_S='ln -s'
LTLIBOBJS=''
LZO_CFLAGS=''
LZO_LIBS='-llzo2'
MAKEINFO='${SHELL} /home/kate/Netgear/RAX220/GPL/RAXE500_V1.0.1.52_GPL_release/bcm963xx/hostTools/mtd-utils-2.0.1/missing --run makeinfo'
MANIFEST_TOOL=':'
MKDIR_P='/bin/mkdir -p'
NM='/usr/bin/nm -B'
NMEDIT=''
OBJDUMP='objdump'
OBJEXT='o'
OTOOL64=''
OTOOL=''
PACKAGE='mtd-utils'
PACKAGE_BUGREPORT='linux-mtd@lists.infradead.org'
PACKAGE_NAME='mtd-utils'
PACKAGE_STRING='mtd-utils 2.0.1'
PACKAGE_TARNAME='mtd-utils'
PACKAGE_URL=''
PACKAGE_VERSION='2.0.1'
PATH_SEPARATOR=':'
PKG_CONFIG='/usr/bin/pkg-config'
PKG_CONFIG_LIBDIR=''
PKG_CONFIG_PATH=''
PTHREAD_CC=''
PTHREAD_CFLAGS=''
PTHREAD_LIBS=''
RANLIB='ranlib'
SED='/bin/sed'
SET_MAKE=''
SHELL='/bin/sh'
STRIP='strip'
UNIT_TESTS_FALSE=''
UNIT_TESTS_TRUE='#'
UUID_CFLAGS='-I/usr/include/uuid'
UUID_LIBS='-luuid'
VERSION='2.0.1'
WARN_CFLAGS=' -Wall -Wextra -Wunused -Wmissing-prototypes -Wmissing-declarations -Wwrite-strings -Wjump-misses-init -Wuninitialized -Winit-self -Wlogical-op -Wunused-but-set-parameter -Wunused-but-set-variable -Wunused-parameter -Wunused-result -Wunused-variable -Wno-shadow -Wno-sign-compare'
WITHOUT_LZO_FALSE=''
WITHOUT_LZO_TRUE='#'
WITHOUT_XATTR_FALSE='#'
WITHOUT_XATTR_TRUE=''
ZLIB_CFLAGS=''
ZLIB_LIBS='-lz'
ac_ct_AR='ar'
ac_ct_CC='gcc'
ac_ct_DUMPBIN=''
am__EXEEXT_FALSE=''
am__EXEEXT_TRUE='#'
am__fastdepCC_FALSE='#'
am__fastdepCC_TRUE=''
am__include='include'
am__isrc=''
am__leading_dot='.'
am__nodep='_no'
am__quote=''
am__tar='$${TAR-tar} chof - "$$tardir"'
am__untar='$${TAR-tar} xf -'
ax_pthread_config=''
bindir='${exec_prefix}/bin'
build='x86_64-unknown-linux-gnu'
build_alias=''
build_cpu='x86_64'
build_os='linux-gnu'
build_vendor='unknown'
datadir='${datarootdir}'
datarootdir='${prefix}/share'
docdir='${datarootdir}/doc/${PACKAGE_TARNAME}'
dvidir='${docdir}'
exec_prefix='${prefix}'
host='x86_64-unknown-linux-gnu'
host_alias=''
host_cpu='x86_64'
host_os='linux-gnu'
host_vendor='unknown'
htmldir='${docdir}'
includedir='${prefix}/include'
infodir='${datarootdir}/info'
install_sh='${SHELL} /home/kate/Netgear/RAX220/GPL/RAXE500_V1.0.1.52_GPL_release/bcm963xx/hostTools/mtd-utils-2.0.1/install-sh'
libdir='${exec_prefix}/lib'
libexecdir='${exec_prefix}/libexec'
localedir='${datarootdir}/locale'
localstatedir='${prefix}/var'
mandir='${datarootdir}/man'
mkdir_p='/bin/mkdir -p'
oldincludedir='/usr/include'
pdfdir='${docdir}'
prefix='/usr/local'
program_transform_name='s,x,x,'
psdir='${docdir}'
sbindir='${exec_prefix}/sbin'
sharedstatedir='${prefix}/com'
sysconfdir='${prefix}/etc'
target_alias=''
testbindir='"."'

## ----------- ##
## confdefs.h. ##
## ----------- ##

/* confdefs.h */
#define PACKAGE_NAME "mtd-utils"
#define PACKAGE_TARNAME "mtd-utils"
#define PACKAGE_VERSION "2.0.1"
#define PACKAGE_STRING "mtd-utils 2.0.1"
#define PACKAGE_BUGREPORT "linux-mtd@lists.infradead.org"
#define PACKAGE_URL ""
#define PACKAGE "mtd-utils"
#define VERSION "2.0.1"
#define STDC_HEADERS 1
#define HAVE_SYS_TYPES_H 1
#define HAVE_SYS_STAT_H 1
#define HAVE_STDLIB_H 1
#define HAVE_STRING_H 1
#define HAVE_MEMORY_H 1
#define HAVE_STRINGS_H 1
#define HAVE_INTTYPES_H 1
#define HAVE_STDINT_H 1
#define HAVE_UNISTD_H 1
#define HAVE_DLFCN_H 1
#define LT_OBJDIR ".libs/"
#define HAVE_EXECINFO_H 1
#define SIZEOF_OFF_T 8
#define SIZEOF_LOFF_T 8

configure: exit 0
